<?xml version="1.0" encoding="UTF-8"?>
<testng-results skipped="0" failed="0" ignored="0" total="1" passed="1">
  <reporter-output>
  </reporter-output>
  <suite name="Default suite" duration-ms="42609" started-at="2019-03-29T11:33:15Z" finished-at="2019-03-29T11:33:57Z">
    <groups>
    </groups>
    <test name="Default test" duration-ms="42609" started-at="2019-03-29T11:33:15Z" finished-at="2019-03-29T11:33:57Z">
      <class name="com.test.Cleartrip">
        <test-method status="PASS" signature="testtrip()[pri:0, instance:com.test.Cleartrip@51565ec2]" name="testtrip" duration-ms="42570" started-at="2019-03-29T11:33:15Z" finished-at="2019-03-29T11:33:57Z">
          <reporter-output>
          </reporter-output>
        </test-method> <!-- testtrip -->
      </class> <!-- com.test.Cleartrip -->
    </test> <!-- Default test -->
  </suite> <!-- Default suite -->
</testng-results>
